This is pdfTeX, Version 3.14159265-2.6-1.40.19 (TeX Live 2018) (preloaded format=pdflatex 2018.4.16)  14 JUL 2021 12:16
entering extended mode
 restricted \write18 enabled.
 file:line:error style messages enabled.
 %&-line parsing enabled.
**agenda.tex
(./agenda.tex
LaTeX2e <2018-04-01> patch level 2
Babel <3.18> and hyphenation patterns for 84 language(s) loaded.
(/usr/local/texlive/2018/texmf-dist/tex/latex/base/article.cls
Document Class: article 2014/09/29 v1.4h Standard LaTeX document class
(/usr/local/texlive/2018/texmf-dist/tex/latex/base/size11.clo
File: size11.clo 2014/09/29 v1.4h Standard LaTeX file (size option)
)
\c@part=\count80
\c@section=\count81
\c@subsection=\count82
\c@subsubsection=\count83
\c@paragraph=\count84
\c@subparagraph=\count85
\c@figure=\count86
\c@table=\count87
\abovecaptionskip=\skip41
\belowcaptionskip=\skip42
\bibindent=\dimen102
) (/usr/local/texlive/2018/texmf-dist/tex/latex/geometry/geometry.sty
Package: geometry 2018/03/24 v5.7 Page Geometry
 (/usr/local/texlive/2018/texmf-dist/tex/latex/graphics/keyval.sty
Package: keyval 2014/10/28 v1.15 key=value parser (DPC)
\KV@toks@=\toks14
) (/usr/local/texlive/2018/texmf-dist/tex/generic/oberdiek/ifpdf.sty
Package: ifpdf 2017/03/15 v3.2 Provides the ifpdf switch
) (/usr/local/texlive/2018/texmf-dist/tex/generic/oberdiek/ifvtex.sty
Package: ifvtex 2016/05/16 v1.6 Detect VTeX and its facilities (HO)
Package ifvtex Info: VTeX not detected.
) (/usr/local/texlive/2018/texmf-dist/tex/generic/ifxetex/ifxetex.sty
Package: ifxetex 2010/09/12 v0.6 Provides ifxetex conditional
)
\Gm@cnth=\count88
\Gm@cntv=\count89
\c@Gm@tempcnt=\count90
\Gm@bindingoffset=\dimen103
\Gm@wd@mp=\dimen104
\Gm@odd@mp=\dimen105
\Gm@even@mp=\dimen106
\Gm@layoutwidth=\dimen107
\Gm@layoutheight=\dimen108
\Gm@layouthoffset=\dimen109
\Gm@layoutvoffset=\dimen110
\Gm@dimlist=\toks15
) (/usr/local/texlive/2018/texmf-dist/tex/latex/graphics/graphicx.sty
Package: graphicx 2017/06/01 v1.1a Enhanced LaTeX Graphics (DPC,SPQR)
 (/usr/local/texlive/2018/texmf-dist/tex/latex/graphics/graphics.sty
Package: graphics 2017/06/25 v1.2c Standard LaTeX Graphics (DPC,SPQR)
 (/usr/local/texlive/2018/texmf-dist/tex/latex/graphics/trig.sty
Package: trig 2016/01/03 v1.10 sin cos tan (DPC)
) (/usr/local/texlive/2018/texmf-dist/tex/latex/graphics-cfg/graphics.cfg
File: graphics.cfg 2016/06/04 v1.11 sample graphics configuration
)
Package graphics Info: Driver file: pdftex.def on input line 99.
 (/usr/local/texlive/2018/texmf-dist/tex/latex/graphics-def/pdftex.def
File: pdftex.def 2018/01/08 v1.0l Graphics/color driver for pdftex
))
\Gin@req@height=\dimen111
\Gin@req@width=\dimen112
) (/usr/local/texlive/2018/texmf-dist/tex/latex/amsmath/amsmath.sty
Package: amsmath 2017/09/02 v2.17a AMS math features
\@mathmargin=\skip43

For additional information on amsmath, use the `?' option.
(/usr/local/texlive/2018/texmf-dist/tex/latex/amsmath/amstext.sty
Package: amstext 2000/06/29 v2.01 AMS text
 (/usr/local/texlive/2018/texmf-dist/tex/latex/amsmath/amsgen.sty
File: amsgen.sty 1999/11/30 v2.0 generic functions
\@emptytoks=\toks16
\ex@=\dimen113
)) (/usr/local/texlive/2018/texmf-dist/tex/latex/amsmath/amsbsy.sty
Package: amsbsy 1999/11/29 v1.2d Bold Symbols
\pmbraise@=\dimen114
) (/usr/local/texlive/2018/texmf-dist/tex/latex/amsmath/amsopn.sty
Package: amsopn 2016/03/08 v2.02 operator names
)
\inf@bad=\count91
LaTeX Info: Redefining \frac on input line 213.
\uproot@=\count92
\leftroot@=\count93
LaTeX Info: Redefining \overline on input line 375.
\classnum@=\count94
\DOTSCASE@=\count95
LaTeX Info: Redefining \ldots on input line 472.
LaTeX Info: Redefining \dots on input line 475.
LaTeX Info: Redefining \cdots on input line 596.
\Mathstrutbox@=\box26
\strutbox@=\box27
\big@size=\dimen115
LaTeX Font Info:    Redeclaring font encoding OML on input line 712.
LaTeX Font Info:    Redeclaring font encoding OMS on input line 713.
\macc@depth=\count96
\c@MaxMatrixCols=\count97
\dotsspace@=\muskip10
\c@parentequation=\count98
\dspbrk@lvl=\count99
\tag@help=\toks17
\row@=\count100
\column@=\count101
\maxfields@=\count102
\andhelp@=\toks18
\eqnshift@=\dimen116
\alignsep@=\dimen117
\tagshift@=\dimen118
\tagwidth@=\dimen119
\totwidth@=\dimen120
\lineht@=\dimen121
\@envbody=\toks19
\multlinegap=\skip44
\multlinetaggap=\skip45
\mathdisplay@stack=\toks20
LaTeX Info: Redefining \[ on input line 2817.
LaTeX Info: Redefining \] on input line 2818.
) (/usr/local/texlive/2018/texmf-dist/tex/latex/amsfonts/amssymb.sty
Package: amssymb 2013/01/14 v3.01 AMS font symbols
 (/usr/local/texlive/2018/texmf-dist/tex/latex/amsfonts/amsfonts.sty
Package: amsfonts 2013/01/14 v3.01 Basic AMSFonts support
\symAMSa=\mathgroup4
\symAMSb=\mathgroup5
LaTeX Font Info:    Overwriting math alphabet `\mathfrak' in version `bold'
(Font)                  U/euf/m/n --> U/euf/b/n on input line 106.
)) (/usr/local/texlive/2018/texmf-dist/tex/latex/float/float.sty
Package: float 2001/11/08 v1.3d Float enhancements (AL)
\c@float@type=\count103
\float@exts=\toks21
\float@box=\box28
\@float@everytoks=\toks22
\@floatcapt=\box29
) (/usr/local/texlive/2018/texmf-dist/tex/latex/caption/subcaption.sty
Package: subcaption 2016/05/22 v1.1-161 Sub-captions (AR)
 (/usr/local/texlive/2018/texmf-dist/tex/latex/caption/caption.sty
Package: caption 2016/02/21 v3.3-144 Customizing captions (AR)
 (/usr/local/texlive/2018/texmf-dist/tex/latex/caption/caption3.sty
Package: caption3 2016/05/22 v1.7-166 caption3 kernel (AR)
Package caption3 Info: TeX engine: e-TeX on input line 67.
\captionmargin=\dimen122
\captionmargin@=\dimen123
\captionwidth=\dimen124
\caption@tempdima=\dimen125
\caption@indent=\dimen126
\caption@parindent=\dimen127
\caption@hangindent=\dimen128
)
\c@ContinuedFloat=\count104
Package caption Info: float package is loaded.
)
\c@subfigure=\count105
\c@subtable=\count106
) (./agenda.aux)
\openout1 = `agenda.aux'.

LaTeX Font Info:    Checking defaults for OML/cmm/m/it on input line 11.
LaTeX Font Info:    ... okay on input line 11.
LaTeX Font Info:    Checking defaults for T1/cmr/m/n on input line 11.
LaTeX Font Info:    ... okay on input line 11.
LaTeX Font Info:    Checking defaults for OT1/cmr/m/n on input line 11.
LaTeX Font Info:    ... okay on input line 11.
LaTeX Font Info:    Checking defaults for OMS/cmsy/m/n on input line 11.
LaTeX Font Info:    ... okay on input line 11.
LaTeX Font Info:    Checking defaults for OMX/cmex/m/n on input line 11.
LaTeX Font Info:    ... okay on input line 11.
LaTeX Font Info:    Checking defaults for U/cmr/m/n on input line 11.
LaTeX Font Info:    ... okay on input line 11.

*geometry* driver: auto-detecting
*geometry* detected driver: pdftex
*geometry* verbose mode - [ preamble ] result:
* driver: pdftex
* paper: <default>
* layout: <same size as paper>
* layoutoffset:(h,v)=(0.0pt,0.0pt)
* modes: 
* h-part:(L,W,R)=(72.26999pt, 469.75502pt, 72.26999pt)
* v-part:(T,H,B)=(72.26999pt, 650.43001pt, 72.26999pt)
* \paperwidth=614.295pt
* \paperheight=794.96999pt
* \textwidth=469.75502pt
* \textheight=650.43001pt
* \oddsidemargin=0.0pt
* \evensidemargin=0.0pt
* \topmargin=-37.0pt
* \headheight=12.0pt
* \headsep=25.0pt
* \topskip=11.0pt
* \footskip=30.0pt
* \marginparwidth=59.0pt
* \marginparsep=10.0pt
* \columnsep=10.0pt
* \skip\footins=10.0pt plus 4.0pt minus 2.0pt
* \hoffset=0.0pt
* \voffset=0.0pt
* \mag=1000
* \@twocolumnfalse
* \@twosidefalse
* \@mparswitchfalse
* \@reversemarginfalse
* (1in=72.27pt=25.4mm, 1cm=28.453pt)

(/usr/local/texlive/2018/texmf-dist/tex/context/base/mkii/supp-pdf.mkii
[Loading MPS to PDF converter (version 2006.09.02).]
\scratchcounter=\count107
\scratchdimen=\dimen129
\scratchbox=\box30
\nofMPsegments=\count108
\nofMParguments=\count109
\everyMPshowfont=\toks23
\MPscratchCnt=\count110
\MPscratchDim=\dimen130
\MPnumerator=\count111
\makeMPintoPDFobject=\count112
\everyMPtoPDFconversion=\toks24
) (/usr/local/texlive/2018/texmf-dist/tex/latex/oberdiek/epstopdf-base.sty
Package: epstopdf-base 2016/05/15 v2.6 Base part for package epstopdf
 (/usr/local/texlive/2018/texmf-dist/tex/generic/oberdiek/infwarerr.sty
Package: infwarerr 2016/05/16 v1.4 Providing info/warning/error messages (HO)
) (/usr/local/texlive/2018/texmf-dist/tex/latex/oberdiek/grfext.sty
Package: grfext 2016/05/16 v1.2 Manage graphics extensions (HO)
 (/usr/local/texlive/2018/texmf-dist/tex/generic/oberdiek/kvdefinekeys.sty
Package: kvdefinekeys 2016/05/16 v1.4 Define keys (HO)
 (/usr/local/texlive/2018/texmf-dist/tex/generic/oberdiek/ltxcmds.sty
Package: ltxcmds 2016/05/16 v1.23 LaTeX kernel commands for general use (HO)
))) (/usr/local/texlive/2018/texmf-dist/tex/latex/oberdiek/kvoptions.sty
Package: kvoptions 2016/05/16 v3.12 Key value format for package options (HO)
 (/usr/local/texlive/2018/texmf-dist/tex/generic/oberdiek/kvsetkeys.sty
Package: kvsetkeys 2016/05/16 v1.17 Key value parser (HO)
 (/usr/local/texlive/2018/texmf-dist/tex/generic/oberdiek/etexcmds.sty
Package: etexcmds 2016/05/16 v1.6 Avoid name clashes with e-TeX commands (HO)
 (/usr/local/texlive/2018/texmf-dist/tex/generic/oberdiek/ifluatex.sty
Package: ifluatex 2016/05/16 v1.4 Provides the ifluatex switch (HO)
Package ifluatex Info: LuaTeX not detected.
)
Package etexcmds Info: Could not find \expanded.
(etexcmds)             That can mean that you are not using pdfTeX 1.50 or
(etexcmds)             that some package has redefined \expanded.
(etexcmds)             In the latter case, load this package earlier.
))) (/usr/local/texlive/2018/texmf-dist/tex/generic/oberdiek/pdftexcmds.sty
Package: pdftexcmds 2018/01/30 v0.27 Utility functions of pdfTeX for LuaTeX (HO)
Package pdftexcmds Info: LuaTeX not detected.
Package pdftexcmds Info: \pdf@primitive is available.
Package pdftexcmds Info: \pdf@ifprimitive is available.
Package pdftexcmds Info: \pdfdraftmode found.
)
Package epstopdf-base Info: Redefining graphics rule for `.eps' on input line 438.
Package grfext Info: Graphics extension search list:
(grfext)             [.pdf,.png,.jpg,.mps,.jpeg,.jbig2,.jb2,.PDF,.PNG,.JPG,.JPEG,.JBIG2,.JB2,.eps]
(grfext)             \AppendGraphicsExtensions on input line 456.
 (/usr/local/texlive/2018/texmf-dist/tex/latex/latexconfig/epstopdf-sys.cfg
File: epstopdf-sys.cfg 2010/07/13 v1.3 Configuration of (r)epstopdf for TeX Live
))
Package caption Info: Begin \AtBeginDocument code.
Package caption Info: End \AtBeginDocument code.
LaTeX Font Info:    Try loading font information for U+msa on input line 12.
 (/usr/local/texlive/2018/texmf-dist/tex/latex/amsfonts/umsa.fd
File: umsa.fd 2013/01/14 v3.01 AMS symbols A
)
LaTeX Font Info:    Try loading font information for U+msb on input line 12.
 (/usr/local/texlive/2018/texmf-dist/tex/latex/amsfonts/umsb.fd
File: umsb.fd 2013/01/14 v3.01 AMS symbols B
)

LaTeX Warning: No \author given.

<../../../output/figures/Exploration/judge_convex_hulls_0.png, id=1, 722.7pt x 722.7pt>
File: ../../../output/figures/Exploration/judge_convex_hulls_0.png Graphic file (type png)
<use ../../../output/figures/Exploration/judge_convex_hulls_0.png>
Package pdftex.def Info: ../../../output/figures/Exploration/judge_convex_hulls_0.png  used on input line 19.
(pdftex.def)             Requested size: 422.77664pt x 422.77228pt.
[1

{/usr/local/texlive/2018/texmf-var/fonts/map/pdftex/updmap/pdftex.map}]
<../../../output/figures/Exploration/judge_convex_hulls_1.png, id=12, 722.7pt x 722.7pt>
File: ../../../output/figures/Exploration/judge_convex_hulls_1.png Graphic file (type png)
<use ../../../output/figures/Exploration/judge_convex_hulls_1.png>
Package pdftex.def Info: ../../../output/figures/Exploration/judge_convex_hulls_1.png  used on input line 24.
(pdftex.def)             Requested size: 422.77664pt x 422.77228pt.
 [2 <../../../output/figures/Exploration/judge_convex_hulls_0.png>]
<../../../output/figures/Exploration/judge_convex_hulls_2.png, id=17, 722.7pt x 722.7pt>
File: ../../../output/figures/Exploration/judge_convex_hulls_2.png Graphic file (type png)
<use ../../../output/figures/Exploration/judge_convex_hulls_2.png>
Package pdftex.def Info: ../../../output/figures/Exploration/judge_convex_hulls_2.png  used on input line 29.
(pdftex.def)             Requested size: 422.77664pt x 422.77228pt.
 [3 <../../../output/figures/Exploration/judge_convex_hulls_1.png>]
<../../../output/figures/Exploration/judge_convex_hulls_3.png, id=22, 722.7pt x 722.7pt>
File: ../../../output/figures/Exploration/judge_convex_hulls_3.png Graphic file (type png)
<use ../../../output/figures/Exploration/judge_convex_hulls_3.png>
Package pdftex.def Info: ../../../output/figures/Exploration/judge_convex_hulls_3.png  used on input line 34.
(pdftex.def)             Requested size: 422.77664pt x 422.77228pt.
 [4 <../../../output/figures/Exploration/judge_convex_hulls_2.png>]
<../../../output/figures/Exploration/judge_convex_hulls_4.png, id=27, 722.7pt x 722.7pt>
File: ../../../output/figures/Exploration/judge_convex_hulls_4.png Graphic file (type png)
<use ../../../output/figures/Exploration/judge_convex_hulls_4.png>
Package pdftex.def Info: ../../../output/figures/Exploration/judge_convex_hulls_4.png  used on input line 39.
(pdftex.def)             Requested size: 422.77664pt x 422.77228pt.
 [5 <../../../output/figures/Exploration/judge_convex_hulls_3.png>]
<../../../output/figures/Exploration/judge_convex_hulls_5.png, id=32, 722.7pt x 722.7pt>
File: ../../../output/figures/Exploration/judge_convex_hulls_5.png Graphic file (type png)
<use ../../../output/figures/Exploration/judge_convex_hulls_5.png>
Package pdftex.def Info: ../../../output/figures/Exploration/judge_convex_hulls_5.png  used on input line 44.
(pdftex.def)             Requested size: 422.77664pt x 422.77228pt.
 [6 <../../../output/figures/Exploration/judge_convex_hulls_4.png>]
<../../../output/figures/Exploration/judge_convex_hulls_6.png, id=37, 722.7pt x 722.7pt>
File: ../../../output/figures/Exploration/judge_convex_hulls_6.png Graphic file (type png)
<use ../../../output/figures/Exploration/judge_convex_hulls_6.png>
Package pdftex.def Info: ../../../output/figures/Exploration/judge_convex_hulls_6.png  used on input line 49.
(pdftex.def)             Requested size: 422.77664pt x 422.77228pt.
 [7 <../../../output/figures/Exploration/judge_convex_hulls_5.png>]
<../../../output/figures/Exploration/judge_convex_hulls_7.png, id=43, 722.7pt x 722.7pt>
File: ../../../output/figures/Exploration/judge_convex_hulls_7.png Graphic file (type png)
<use ../../../output/figures/Exploration/judge_convex_hulls_7.png>
Package pdftex.def Info: ../../../output/figures/Exploration/judge_convex_hulls_7.png  used on input line 54.
(pdftex.def)             Requested size: 422.77664pt x 422.77228pt.
 [8 <../../../output/figures/Exploration/judge_convex_hulls_6.png>]
<../../../output/figures/Exploration/judge_convex_hulls_8.png, id=48, 722.7pt x 722.7pt>
File: ../../../output/figures/Exploration/judge_convex_hulls_8.png Graphic file (type png)
<use ../../../output/figures/Exploration/judge_convex_hulls_8.png>
Package pdftex.def Info: ../../../output/figures/Exploration/judge_convex_hulls_8.png  used on input line 59.
(pdftex.def)             Requested size: 422.77664pt x 422.77228pt.
 [9 <../../../output/figures/Exploration/judge_convex_hulls_7.png>]
<../../../output/figures/Exploration/judge_convex_hulls_9.png, id=53, 722.7pt x 722.7pt>
File: ../../../output/figures/Exploration/judge_convex_hulls_9.png Graphic file (type png)
<use ../../../output/figures/Exploration/judge_convex_hulls_9.png>
Package pdftex.def Info: ../../../output/figures/Exploration/judge_convex_hulls_9.png  used on input line 64.
(pdftex.def)             Requested size: 422.77664pt x 422.77228pt.
 [10 <../../../output/figures/Exploration/judge_convex_hulls_8.png>]
<../../../output/figures/Exploration/judge_convex_hulls_10.png, id=58, 722.7pt x 722.7pt>
File: ../../../output/figures/Exploration/judge_convex_hulls_10.png Graphic file (type png)
<use ../../../output/figures/Exploration/judge_convex_hulls_10.png>
Package pdftex.def Info: ../../../output/figures/Exploration/judge_convex_hulls_10.png  used on input line 69.
(pdftex.def)             Requested size: 422.77664pt x 422.77228pt.
 [11 <../../../output/figures/Exploration/judge_convex_hulls_9.png>]
<../../../output/figures/Exploration/judge_convex_hulls_11.png, id=63, 722.7pt x 722.7pt>
File: ../../../output/figures/Exploration/judge_convex_hulls_11.png Graphic file (type png)
<use ../../../output/figures/Exploration/judge_convex_hulls_11.png>
Package pdftex.def Info: ../../../output/figures/Exploration/judge_convex_hulls_11.png  used on input line 74.
(pdftex.def)             Requested size: 422.77664pt x 422.77228pt.
 [12 <../../../output/figures/Exploration/judge_convex_hulls_10.png>]
<../../../output/figures/Exploration/judge_convex_hulls_12.png, id=68, 722.7pt x 722.7pt>
File: ../../../output/figures/Exploration/judge_convex_hulls_12.png Graphic file (type png)
<use ../../../output/figures/Exploration/judge_convex_hulls_12.png>
Package pdftex.def Info: ../../../output/figures/Exploration/judge_convex_hulls_12.png  used on input line 79.
(pdftex.def)             Requested size: 422.77664pt x 422.77228pt.
 [13 <../../../output/figures/Exploration/judge_convex_hulls_11.png>] [14 <../../../output/figures/Exploration/judge_convex_hulls_12.png>]
<../../../output/figures/Exploration/plea_by_work_type_hist.png, id=78, 722.7pt x 722.7pt>
File: ../../../output/figures/Exploration/plea_by_work_type_hist.png Graphic file (type png)
<use ../../../output/figures/Exploration/plea_by_work_type_hist.png>
Package pdftex.def Info: ../../../output/figures/Exploration/plea_by_work_type_hist.png  used on input line 106.
(pdftex.def)             Requested size: 399.29463pt x 399.29474pt.
<../../../output/figures/Exploration/county_trial_hist_0.png, id=79, 578.16pt x 578.16pt>
File: ../../../output/figures/Exploration/county_trial_hist_0.png Graphic file (type png)
<use ../../../output/figures/Exploration/county_trial_hist_0.png>
Package pdftex.def Info: ../../../output/figures/Exploration/county_trial_hist_0.png  used on input line 113.
(pdftex.def)             Requested size: 422.77664pt x 422.77669pt.
 [15 <../../../output/figures/Exploration/plea_by_work_type_hist.png>]
<../../../output/figures/Exploration/county_trial_hist_1.png, id=84, 578.16pt x 578.16pt>
File: ../../../output/figures/Exploration/county_trial_hist_1.png Graphic file (type png)
<use ../../../output/figures/Exploration/county_trial_hist_1.png>
Package pdftex.def Info: ../../../output/figures/Exploration/county_trial_hist_1.png  used on input line 118.
(pdftex.def)             Requested size: 422.77664pt x 422.77669pt.
 [16 <../../../output/figures/Exploration/county_trial_hist_0.png>]
<../../../output/figures/Exploration/county_trial_hist_2.png, id=89, 578.16pt x 578.16pt>
File: ../../../output/figures/Exploration/county_trial_hist_2.png Graphic file (type png)
<use ../../../output/figures/Exploration/county_trial_hist_2.png>
Package pdftex.def Info: ../../../output/figures/Exploration/county_trial_hist_2.png  used on input line 123.
(pdftex.def)             Requested size: 422.77664pt x 422.77669pt.
 [17 <../../../output/figures/Exploration/county_trial_hist_1.png>]
<../../../output/figures/Exploration/county_trial_hist_3.png, id=94, 578.16pt x 578.16pt>
File: ../../../output/figures/Exploration/county_trial_hist_3.png Graphic file (type png)
<use ../../../output/figures/Exploration/county_trial_hist_3.png>
Package pdftex.def Info: ../../../output/figures/Exploration/county_trial_hist_3.png  used on input line 128.
(pdftex.def)             Requested size: 422.77664pt x 422.77669pt.
 [18 <../../../output/figures/Exploration/county_trial_hist_2.png>] [19 <../../../output/figures/Exploration/county_trial_hist_3.png>] [20] (./agenda.aux) ) 
Here is how much of TeX's memory you used:
 4077 strings out of 492649
 64139 string characters out of 6129622
 131808 words of memory out of 5000000
 7891 multiletter control sequences out of 15000+600000
 11045 words of font info for 42 fonts, out of 8000000 for 9000
 1141 hyphenation exceptions out of 8191
 42i,7n,40p,1120b,263s stack positions out of 5000i,500n,10000p,200000b,80000s
</usr/local/texlive/2018/texmf-dist/fonts/type1/public/amsfonts/cm/cmbx10.pfb></usr/local/texlive/2018/texmf-dist/fonts/type1/public/amsfonts/cm/cmbx12.pfb></usr/local/texlive/2018/texmf-dist/fonts/type1/public/amsfonts/cm/cmmi10.pfb></usr/local/texlive/2018/texmf-dist/fonts/type1/public/amsfonts/cm/cmmi6.pfb></usr/local/texlive/2018/texmf-dist/fonts/type1/public/amsfonts/cm/cmmi8.pfb></usr/local/texlive/2018/texmf-dist/fonts/type1/public/amsfonts/cm/cmr10.pfb></usr/local/texlive/2018/texmf-dist/fonts/type1/public/amsfonts/cm/cmr12.pfb></usr/local/texlive/2018/texmf-dist/fonts/type1/public/amsfonts/cm/cmr17.pfb></usr/local/texlive/2018/texmf-dist/fonts/type1/public/amsfonts/cm/cmsy10.pfb>
Output written on agenda.pdf (20 pages, 1589183 bytes).
PDF statistics:
 142 PDF objects out of 1000 (max. 8388607)
 74 compressed objects within 1 object stream
 0 named destinations out of 1000 (max. 500000)
 91 words of extra memory for PDF output out of 10000 (max. 10000000)

