\BOOKMARK [1][-]{section.1}{Data}{}% 1
\BOOKMARK [2][-]{subsection.1.1}{Sentencing Data}{section.1}% 2
\BOOKMARK [2][-]{subsection.1.2}{Master Calendar Data}{section.1}% 3
\BOOKMARK [2][-]{subsection.1.3}{Assignments}{section.1}% 4
\BOOKMARK [3][-]{subsubsection.1.3.1}{Assignment Types}{subsection.1.3}% 5
\BOOKMARK [3][-]{subsubsection.1.3.2}{Parsing}{subsection.1.3}% 6
\BOOKMARK [2][-]{subsection.1.4}{Merging the Sentencing Data and the Calendar Data}{section.1}% 7
\BOOKMARK [1][-]{section.2}{Model}{}% 8
\BOOKMARK [1][-]{section.3}{Estimation}{}% 9
\BOOKMARK [2][-]{subsection.3.1}{Assumptions/Restrictions}{section.3}% 10
\BOOKMARK [2][-]{subsection.3.2}{Judge Weekly Availability}{section.3}% 11
\BOOKMARK [2][-]{subsection.3.3}{Conviction Probability and Expected Sentence Length - }{section.3}% 12
\BOOKMARK [3][-]{subsubsection.3.3.1}{Sample}{subsection.3.3}% 13
\BOOKMARK [3][-]{subsubsection.3.3.2}{Probability of Conviction at Trial - }{subsection.3.3}% 14
\BOOKMARK [2][-]{subsection.3.4}{Defendant Cost of Trial - cd}{section.3}% 15
\BOOKMARK [2][-]{subsection.3.5}{Judge minimum and maximum plea - lj\(\),uj\(\)}{section.3}% 16
\BOOKMARK [3][-]{subsubsection.3.5.1}{Sample}{subsection.3.5}% 17
\BOOKMARK [2][-]{subsection.3.6}{County Arrival Rates - c}{section.3}% 18
\BOOKMARK [2][-]{subsection.3.7}{Service Rates - p,t}{section.3}% 19
\BOOKMARK [3][-]{subsubsection.3.7.1}{Model}{subsection.3.7}% 20
\BOOKMARK [1][-]{section.4}{Simulation Plan}{}% 21
\BOOKMARK [2][-]{subsection.4.1}{State Variables}{section.4}% 22
\BOOKMARK [2][-]{subsection.4.2}{Dynamics}{section.4}% 23
\BOOKMARK [3][-]{subsubsection.4.2.1}{Judge Schedules}{subsection.4.2}% 24
\BOOKMARK [3][-]{subsubsection.4.2.2}{Iteration/Simulation Step/Action}{subsection.4.2}% 25
\BOOKMARK [3][-]{subsubsection.4.2.3}{Calibration}{subsection.4.2}% 26
\BOOKMARK [1][-]{section.5}{Next Steps}{}% 27
\BOOKMARK [1][-]{appendix.A}{Sentencing Data Set}{}% 28
\BOOKMARK [2][-]{subsection.A.1}{Variables}{appendix.A}% 29
\BOOKMARK [3][-]{subsubsection.A.1.1}{CSV File}{subsection.A.1}% 30
\BOOKMARK [3][-]{subsubsection.A.1.2}{Stata File}{subsection.A.1}% 31
\BOOKMARK [3][-]{subsubsection.A.1.3}{Expected Minimum Sentence}{subsection.A.1}% 32
\BOOKMARK [2][-]{subsection.A.2}{Missing Data}{appendix.A}% 33
\BOOKMARK [3][-]{subsubsection.A.2.1}{Variables with missing data}{subsection.A.2}% 34
\BOOKMARK [3][-]{subsubsection.A.2.2}{Imputation of Missing Dates}{subsection.A.2}% 35
\BOOKMARK [1][-]{appendix.B}{Master Calendar Data}{}% 36
\BOOKMARK [2][-]{subsection.B.1}{Data Cleaning}{appendix.B}% 37
\BOOKMARK [2][-]{subsection.B.2}{Descriptive Statistics}{appendix.B}% 38
\BOOKMARK [2][-]{subsection.B.3}{Creation of Figure 6}{appendix.B}% 39
\BOOKMARK [1][-]{appendix.C}{Discrepancies between the Sentencing Data and the Master Calendar Data}{}% 40
\BOOKMARK [2][-]{subsection.C.1}{No Assignments Case}{appendix.C}% 41
\BOOKMARK [2][-]{subsection.C.2}{Single Assignment Case}{appendix.C}% 42
\BOOKMARK [3][-]{subsubsection.C.2.1}{Single assignment, no dates}{subsection.C.2}% 43
\BOOKMARK [3][-]{subsubsection.C.2.2}{Single assignment with dates}{subsection.C.2}% 44
\BOOKMARK [2][-]{subsection.C.3}{Multiple Assignments Case}{appendix.C}% 45
\BOOKMARK [3][-]{subsubsection.C.3.1}{Multiple assignments, no dates}{subsection.C.3}% 46
\BOOKMARK [3][-]{subsubsection.C.3.2}{Multiple assignments, some dates}{subsection.C.3}% 47
\BOOKMARK [3][-]{subsubsection.C.3.3}{Multiple assignments, all dates}{subsection.C.3}% 48
\BOOKMARK [1][-]{appendix.D}{Merging the Sentencing Data and the Calendar Data}{}% 49
\BOOKMARK [2][-]{subsection.D.1}{Alternative mapping methods}{appendix.D}% 50
\BOOKMARK [2][-]{subsection.D.2}{Evaluating the mapping}{appendix.D}% 51
\BOOKMARK [2][-]{subsection.D.3}{Limitations}{appendix.D}% 52
\BOOKMARK [1][-]{appendix.E}{Judge Convex Hulls}{}% 53
\BOOKMARK [1][-]{appendix.F}{Service Rate Estimation: Other Attempts}{}% 54
\BOOKMARK [2][-]{subsection.F.1}{Judge Fixed Effects}{appendix.F}% 55
\BOOKMARK [2][-]{subsection.F.2}{Nonlinear Model}{appendix.F}% 56
\BOOKMARK [3][-]{subsubsection.F.2.1}{Results}{subsection.F.2}% 57
\BOOKMARK [2][-]{subsection.F.3}{Iterative Algorithms}{appendix.F}% 58
\BOOKMARK [3][-]{subsubsection.F.3.1}{Iterative Idleness Estimation Using Expected Utilization}{subsection.F.3}% 59
\BOOKMARK [3][-]{subsubsection.F.3.2}{Iterative Idleness Estimation Taking Mins}{subsection.F.3}% 60
\BOOKMARK [2][-]{subsection.F.4}{Judge Model}{appendix.F}% 61
\BOOKMARK [2][-]{subsection.F.5}{County Model}{appendix.F}% 62
\BOOKMARK [2][-]{subsection.F.6}{Judge-County Model}{appendix.F}% 63
\BOOKMARK [3][-]{subsubsection.F.6.1}{Iterative Idleness Estimation Taking All-time Mins}{subsection.F.6}% 64
\BOOKMARK [2][-]{subsection.F.7}{Judge Model}{appendix.F}% 65
\BOOKMARK [2][-]{subsection.F.8}{County Model}{appendix.F}% 66
\BOOKMARK [2][-]{subsection.F.9}{Judge-County Model}{appendix.F}% 67
\BOOKMARK [2][-]{subsection.F.10}{Ad-hoc Algorithm}{appendix.F}% 68
\BOOKMARK [3][-]{subsubsection.F.10.1}{Samples}{subsection.F.10}% 69
\BOOKMARK [3][-]{subsubsection.F.10.2}{Estimation of t}{subsection.F.10}% 70
\BOOKMARK [3][-]{subsubsection.F.10.3}{Ad-hoc Algorithm for Joint Estimation of t,p}{subsection.F.10}% 71
\BOOKMARK [2][-]{subsection.F.11}{EM Algorithm}{appendix.F}% 72
\BOOKMARK [3][-]{subsubsection.F.11.1}{EM Algorithm under Normal Distribution Assumption}{subsection.F.11}% 73
\BOOKMARK [2][-]{subsection.F.12}{County Fixed Effects}{appendix.F}% 74
