\BOOKMARK [1][-]{section.1}{Sentencing Data Set}{}% 1
\BOOKMARK [2][-]{subsection.1.1}{CSV File}{section.1}% 2
\BOOKMARK [2][-]{subsection.1.2}{Stata File}{section.1}% 3
\BOOKMARK [1][-]{section.2}{Master Calendar}{}% 4
\BOOKMARK [2][-]{subsection.2.1}{Interpreting the Master Calendar}{section.2}% 5
\BOOKMARK [2][-]{subsection.2.2}{Further Analysis of the Master Calendar Assignments using the Sentencing Data Set}{section.2}% 6
\BOOKMARK [3][-]{subsubsection.2.2.1}{No Assignments Case}{subsection.2.2}% 7
\BOOKMARK [3][-]{subsubsection.2.2.2}{One Assignment Case}{subsection.2.2}% 8
\BOOKMARK [3][-]{subsubsection.2.2.3}{Two Assignments Case}{subsection.2.2}% 9
\BOOKMARK [3][-]{subsubsection.2.2.4}{Multiple Assignments Case}{subsection.2.2}% 10
\BOOKMARK [1][-]{section.3}{Mapping Judge Numbers to Judge Names}{}% 11
\BOOKMARK [1][-]{section.4}{An Outline of the Model and its Calibration}{}% 12
\BOOKMARK [2][-]{subsection.4.1}{Estimation of the Probability of Conviction at Trial \040and the Expected Sentence length \040upon Conviction at Trial as a Function of the Defendant Covariates}{section.4}% 13
\BOOKMARK [2][-]{subsection.4.2}{Judge Harshness Analysis}{section.4}% 14
\BOOKMARK [2][-]{subsection.4.3}{Estimation of Trial Cost cd and Probability of Going to Trial pt\(h\)}{section.4}% 15
\BOOKMARK [2][-]{subsection.4.4}{Capacity Estimation}{section.4}% 16
\BOOKMARK [3][-]{subsubsection.4.4.1}{Estimation of p}{subsection.4.4}% 17
\BOOKMARK [3][-]{subsubsection.4.4.2}{Joint estimation of p and t}{subsection.4.4}% 18
\BOOKMARK [3][-]{subsubsection.4.4.3}{Estimation of t}{subsection.4.4}% 19
\BOOKMARK [3][-]{subsubsection.4.4.4}{Judge Schedules in the Data}{subsection.4.4}% 20
\BOOKMARK [2][-]{subsection.4.5}{Choice Model for Judge Shopping}{section.4}% 21
\BOOKMARK [2][-]{subsection.4.6}{Simulation Study Outline}{section.4}% 22
\BOOKMARK [2][-]{subsection.4.7}{Counterfactual Study}{section.4}% 23
\BOOKMARK [1][-]{appendix.A}{Data Cleaning}{}% 24
\BOOKMARK [1][-]{appendix.B}{Supplementary Material}{}% 25
\BOOKMARK [2][-]{subsection.B.1}{Tables}{appendix.B}% 26
\BOOKMARK [2][-]{subsection.B.2}{Figures}{appendix.B}% 27
\BOOKMARK [1][-]{appendix.C}{Further Analysis of the Sentencing Events Missing the date Data Field}{}% 28
\BOOKMARK [1][-]{appendix.D}{Judge Assignments}{}% 29
\BOOKMARK [2][-]{subsection.D.1}{Case i - No Assignments.}{appendix.D}% 30
\BOOKMARK [2][-]{subsection.D.2}{Case ii - A Single Assignment}{appendix.D}% 31
\BOOKMARK [3][-]{subsubsection.D.2.1}{Case ii \(a\)}{subsection.D.2}% 32
\BOOKMARK [3][-]{subsubsection.D.2.2}{Case ii \(b\)}{subsection.D.2}% 33
\BOOKMARK [2][-]{subsection.D.3}{Case iii - Two Assignments}{appendix.D}% 34
\BOOKMARK [2][-]{subsection.D.4}{Case iv - Multiple Assignments.}{appendix.D}% 35
\BOOKMARK [3][-]{subsubsection.D.4.1}{Case iv \(a\)}{subsection.D.4}% 36
\BOOKMARK [3][-]{subsubsection.D.4.2}{Case iv \(b\)}{subsection.D.4}% 37
\BOOKMARK [3][-]{subsubsection.D.4.3}{Case iv \(c\)}{subsection.D.4}% 38
